datetime="2023-12-25 22:42:27.3487" eventId=0 logLevel="DEBUG" logger="PedeLogo.Catalogo.Api.Program" message="init main" exception="" url= action=
datetime="2023-12-25 22:42:27.8334" eventId=0 logLevel="INFO" logger="Microsoft.Hosting.Lifetime" message="Now listening on: http://[::]:80" exception="" url= action=
datetime="2023-12-25 22:42:27.8556" eventId=0 logLevel="INFO" logger="Microsoft.Hosting.Lifetime" message="Application started. Press Ctrl+C to shut down." exception="" url= action=
datetime="2023-12-25 22:42:27.8556" eventId=0 logLevel="INFO" logger="Microsoft.Hosting.Lifetime" message="Hosting environment: Production" exception="" url= action=
datetime="2023-12-25 22:42:27.8699" eventId=0 logLevel="INFO" logger="Microsoft.Hosting.Lifetime" message="Content root path: /app" exception="" url= action=
datetime="2023-12-25 23:52:25.2025" eventId=0 logLevel="INFO" logger="PedeLogo.Catalogo.Api.Controllers.ProdutoController" message="Entrou no Get All" exception="" url=http://localhost/Produto action=Get
datetime="2023-12-25 23:52:32.0763" eventId=0 logLevel="INFO" logger="PedeLogo.Catalogo.Api.Controllers.ProdutoController" message="Entrou no Get All" exception="" url=http://localhost/Produto action=Get
datetime="2023-12-25 23:52:32.4326" eventId=0 logLevel="INFO" logger="PedeLogo.Catalogo.Api.Controllers.ProdutoController" message="Entrou no Get All" exception="" url=http://localhost/Produto action=Get
datetime="2023-12-25 23:52:32.5679" eventId=0 logLevel="INFO" logger="PedeLogo.Catalogo.Api.Controllers.ProdutoController" message="Entrou no Get All" exception="" url=http://localhost/Produto action=Get
datetime="2023-12-25 23:52:32.7050" eventId=0 logLevel="INFO" logger="PedeLogo.Catalogo.Api.Controllers.ProdutoController" message="Entrou no Get All" exception="" url=http://localhost/Produto action=Get
datetime="2023-12-25 23:52:32.9652" eventId=0 logLevel="INFO" logger="PedeLogo.Catalogo.Api.Controllers.ProdutoController" message="Entrou no Get All" exception="" url=http://localhost/Produto action=Get
datetime="2023-12-25 23:52:33.1149" eventId=0 logLevel="INFO" logger="PedeLogo.Catalogo.Api.Controllers.ProdutoController" message="Entrou no Get All" exception="" url=http://localhost/Produto action=Get
datetime="2023-12-25 23:52:33.2333" eventId=0 logLevel="INFO" logger="PedeLogo.Catalogo.Api.Controllers.ProdutoController" message="Entrou no Get All" exception="" url=http://localhost/Produto action=Get
datetime="2023-12-25 23:52:33.3699" eventId=0 logLevel="INFO" logger="PedeLogo.Catalogo.Api.Controllers.ProdutoController" message="Entrou no Get All" exception="" url=http://localhost/Produto action=Get
datetime="2023-12-25 23:52:33.4983" eventId=0 logLevel="INFO" logger="PedeLogo.Catalogo.Api.Controllers.ProdutoController" message="Entrou no Get All" exception="" url=http://localhost/Produto action=Get
datetime="2023-12-25 23:52:33.6320" eventId=0 logLevel="INFO" logger="PedeLogo.Catalogo.Api.Controllers.ProdutoController" message="Entrou no Get All" exception="" url=http://localhost/Produto action=Get
datetime="2023-12-25 23:52:33.7402" eventId=0 logLevel="INFO" logger="PedeLogo.Catalogo.Api.Controllers.ProdutoController" message="Entrou no Get All" exception="" url=http://localhost/Produto action=Get
datetime="2023-12-25 23:52:57.4159" eventId=0 logLevel="INFO" logger="PedeLogo.Catalogo.Api.Controllers.ProdutoController" message="Entrou no Post" exception="" url=http://localhost/Produto action=Post
datetime="2023-12-25 23:52:59.2390" eventId=0 logLevel="INFO" logger="PedeLogo.Catalogo.Api.Controllers.ProdutoController" message="Entrou no Post" exception="" url=http://localhost/Produto action=Post
datetime="2023-12-25 23:52:59.7752" eventId=0 logLevel="INFO" logger="PedeLogo.Catalogo.Api.Controllers.ProdutoController" message="Entrou no Post" exception="" url=http://localhost/Produto action=Post
datetime="2023-12-25 23:57:47.2511" eventId=0 logLevel="DEBUG" logger="PedeLogo.Catalogo.Api.Program" message="init main" exception="" url= action=
datetime="2023-12-25 23:57:47.6123" eventId=0 logLevel="INFO" logger="Microsoft.Hosting.Lifetime" message="Now listening on: http://[::]:80" exception="" url= action=
datetime="2023-12-25 23:57:47.6264" eventId=0 logLevel="INFO" logger="Microsoft.Hosting.Lifetime" message="Application started. Press Ctrl+C to shut down." exception="" url= action=
datetime="2023-12-25 23:57:47.6313" eventId=0 logLevel="INFO" logger="Microsoft.Hosting.Lifetime" message="Hosting environment: Production" exception="" url= action=
datetime="2023-12-25 23:57:47.6313" eventId=0 logLevel="INFO" logger="Microsoft.Hosting.Lifetime" message="Content root path: /app" exception="" url= action=
datetime="2023-12-25 23:59:30.1924" eventId=0 logLevel="DEBUG" logger="PedeLogo.Catalogo.Api.Program" message="init main" exception="" url= action=
datetime="2023-12-25 23:59:30.5300" eventId=0 logLevel="INFO" logger="Microsoft.Hosting.Lifetime" message="Now listening on: http://[::]:80" exception="" url= action=
datetime="2023-12-25 23:59:30.5452" eventId=0 logLevel="INFO" logger="Microsoft.Hosting.Lifetime" message="Application started. Press Ctrl+C to shut down." exception="" url= action=
datetime="2023-12-25 23:59:30.5506" eventId=0 logLevel="INFO" logger="Microsoft.Hosting.Lifetime" message="Hosting environment: Production" exception="" url= action=
datetime="2023-12-25 23:59:30.5506" eventId=0 logLevel="INFO" logger="Microsoft.Hosting.Lifetime" message="Content root path: /app" exception="" url= action=
datetime="2023-12-25 23:59:54.4654" eventId=0 logLevel="DEBUG" logger="PedeLogo.Catalogo.Api.Program" message="init main" exception="" url= action=
datetime="2023-12-25 23:59:54.9275" eventId=0 logLevel="INFO" logger="Microsoft.Hosting.Lifetime" message="Now listening on: http://[::]:80" exception="" url= action=
datetime="2023-12-25 23:59:54.9466" eventId=0 logLevel="INFO" logger="Microsoft.Hosting.Lifetime" message="Application started. Press Ctrl+C to shut down." exception="" url= action=
datetime="2023-12-25 23:59:54.9552" eventId=0 logLevel="INFO" logger="Microsoft.Hosting.Lifetime" message="Hosting environment: Production" exception="" url= action=
datetime="2023-12-25 23:59:54.9636" eventId=0 logLevel="INFO" logger="Microsoft.Hosting.Lifetime" message="Content root path: /app" exception="" url= action=
